build/app/intermediates/manifest_merge_blame_file/debug/manifest-merger-blame-debug-report.txt
1<?xml version="1.0" encoding="utf-8"?>
2<manifest xmlns:android="http://schemas.android.com/apk/res/android"
3    package="com.smartersvision.food_delivery_app_2"
4    android:versionCode="10"
5    android:versionName="3.0.0" >
6
7    <uses-sdk
8        android:minSdkVersion="21"
9        android:targetSdkVersion="33" />
10    <!--
11         Flutter needs it to communicate with the running application
12         to allow setting breakpoints, to provide hot reload, etc.
13    -->
14    <uses-permission android:name="android.permission.INTERNET" />
14-->src\main\AndroidManifest.xml:4:5-66
14-->src\main\AndroidManifest.xml:4:22-64
15    <uses-permission android:name="android.permission.ACCESS_FINE_LOCATION" />
15-->src\main\AndroidManifest.xml:5:5-78
15-->src\main\AndroidManifest.xml:5:22-76
16    <uses-permission android:name="android.permission.ACCESS_COARSE_LOCATION" />
16-->src\main\AndroidManifest.xml:6:5-80
16-->src\main\AndroidManifest.xml:6:22-78
17    <uses-permission android:name="android.permission.ACCESS_NETWORK_STATE" />
17-->src\main\AndroidManifest.xml:7:5-79
17-->src\main\AndroidManifest.xml:7:22-76
18    <uses-permission android:name="android.permission.WAKE_LOCK" /> <!-- Permissions options for the `notification` group -->
18-->[:firebase_messaging] AndroidManifest.xml:8:5-68
18-->[:firebase_messaging] AndroidManifest.xml:8:22-65
19    <uses-permission android:name="android.permission.POST_NOTIFICATIONS" />
19-->[:firebase_messaging] AndroidManifest.xml:11:5-77
19-->[:firebase_messaging] AndroidManifest.xml:11:22-74
20    <uses-permission android:name="android.permission.FOREGROUND_SERVICE" /> <!-- Required by older versions of Google Play services to create IID tokens -->
20-->[:geolocator_android] AndroidManifest.xml:7:5-77
20-->[:geolocator_android] AndroidManifest.xml:7:22-74
21    <uses-permission android:name="com.google.android.c2dm.permission.RECEIVE" />
21-->[com.google.firebase:firebase-messaging:23.1.0] AndroidManifest.xml:28:5-82
21-->[com.google.firebase:firebase-messaging:23.1.0] AndroidManifest.xml:28:22-79
22
23    <uses-feature
23-->[com.google.android.gms:play-services-maps:18.1.0] AndroidManifest.xml:26:5-28:35
24        android:glEsVersion="0x00020000"
24-->[com.google.android.gms:play-services-maps:18.1.0] AndroidManifest.xml:27:9-41
25        android:required="true" />
25-->[com.google.android.gms:play-services-maps:18.1.0] AndroidManifest.xml:28:9-32
26
27    <queries>
27-->[com.google.android.gms:play-services-maps:18.1.0] AndroidManifest.xml:30:5-34:15
28
29        <!-- Needs to be explicitly declared on Android R+ -->
30        <package android:name="com.google.android.apps.maps" />
30-->[com.google.android.gms:play-services-maps:18.1.0] AndroidManifest.xml:33:9-64
30-->[com.google.android.gms:play-services-maps:18.1.0] AndroidManifest.xml:33:18-61
31    </queries>
32    <!--
33 io.flutter.app.FlutterApplication is an android.app.Application that
34         calls FlutterMain.startInitialization(this); in its onCreate method.
35         In most cases you can leave this as-is, but you if you want to provide
36         additional functionality it is fine to subclass or reimplement
37         FlutterApplication and put your custom class here.
38    -->
39    <application
40        android:name="android.app.Application"
41        android:appComponentFactory="androidx.core.app.CoreComponentFactory"
41-->[androidx.core:core:1.8.0] AndroidManifest.xml:24:18-86
42        android:debuggable="true"
43        android:icon="@mipmap/ic_launcher"
44        android:label="Food Delivery App" >
45        <meta-data
46            android:name="com.google.android.geo.API_KEY"
47            android:value="AIzaSyDdyth2EiAjU9m9eE_obC5fnTY1yeVNTJU" />
48        <meta-data
49            android:name="com.google.firebase.messaging.default_notification_icon"
50            android:resource="@mipmap/ic_notification" />
51
52        <activity
53            android:name="com.smartersvision.food_delivery_app_2.MainActivity"
54            android:configChanges="orientation|keyboardHidden|keyboard|screenSize|smallestScreenSize|locale|layoutDirection|fontScale|screenLayout|density|uiMode"
55            android:exported="true"
56            android:hardwareAccelerated="true"
57            android:launchMode="singleTop"
58            android:theme="@style/LaunchTheme"
59            android:windowSoftInputMode="adjustResize" >
60
61            <!--
62                 Specifies an Android theme to apply to this Activity as soon as
63                 the Android process has started. This theme is visible to the user
64                 while the Flutter UI initializes. After that, this theme continues
65                 to determine the Window background behind the Flutter UI.
66            -->
67            <meta-data
68                android:name="io.flutter.embedding.android.NormalTheme"
69                android:resource="@style/NormalTheme" />
70
71            <intent-filter>
72                <action android:name="android.intent.action.MAIN" />
73
74                <category android:name="android.intent.category.LAUNCHER" />
75            </intent-filter>
76            <intent-filter>
77                <action android:name="FLUTTER_NOTIFICATION_CLICK" />
78
79                <category android:name="android.intent.category.DEFAULT" />
79-->[com.google.firebase:firebase-auth:21.1.0] AndroidManifest.xml:36:17-76
79-->[com.google.firebase:firebase-auth:21.1.0] AndroidManifest.xml:36:27-73
80            </intent-filter>
81        </activity>
82        <!--
83             Don't delete the meta-data below.
84             This is used by the Flutter tool to generate GeneratedPluginRegistrant.java
85        -->
86        <meta-data
87            android:name="flutterEmbedding"
88            android:value="2" />
89
90        <service
90-->[:cloud_firestore] AndroidManifest.xml:8:9-12:19
91            android:name="com.google.firebase.components.ComponentDiscoveryService"
91-->[:cloud_firestore] AndroidManifest.xml:8:18-89
92            android:directBootAware="true"
92-->[com.google.firebase:firebase-common:20.2.0] AndroidManifest.xml:34:13-43
93            android:exported="false" >
93-->[com.google.firebase:firebase-messaging:23.1.0] AndroidManifest.xml:54:13-37
94            <meta-data
94-->[:cloud_firestore] AndroidManifest.xml:9:13-11:85
95                android:name="com.google.firebase.components:io.flutter.plugins.firebase.firestore.FlutterFirebaseFirestoreRegistrar"
95-->[:cloud_firestore] AndroidManifest.xml:10:17-134
96                android:value="com.google.firebase.components.ComponentRegistrar" />
96-->[:cloud_firestore] AndroidManifest.xml:11:17-82
97            <meta-data
97-->[:firebase_auth] AndroidManifest.xml:9:13-11:85
98                android:name="com.google.firebase.components:io.flutter.plugins.firebase.auth.FlutterFirebaseAuthRegistrar"
98-->[:firebase_auth] AndroidManifest.xml:10:17-124
99                android:value="com.google.firebase.components.ComponentRegistrar" />
99-->[:firebase_auth] AndroidManifest.xml:11:17-82
100            <meta-data
100-->[:firebase_messaging] AndroidManifest.xml:36:13-38:85
101                android:name="com.google.firebase.components:io.flutter.plugins.firebase.messaging.FlutterFirebaseAppRegistrar"
101-->[:firebase_messaging] AndroidManifest.xml:37:17-128
102                android:value="com.google.firebase.components.ComponentRegistrar" />
102-->[:firebase_messaging] AndroidManifest.xml:38:17-82
103            <meta-data
103-->[:firebase_core] AndroidManifest.xml:9:13-11:85
104                android:name="com.google.firebase.components:io.flutter.plugins.firebase.core.FlutterFirebaseCoreRegistrar"
104-->[:firebase_core] AndroidManifest.xml:10:17-124
105                android:value="com.google.firebase.components.ComponentRegistrar" />
105-->[:firebase_core] AndroidManifest.xml:11:17-82
106            <meta-data
106-->[com.google.firebase:firebase-messaging:23.1.0] AndroidManifest.xml:55:13-57:85
107                android:name="com.google.firebase.components:com.google.firebase.messaging.FirebaseMessagingRegistrar"
107-->[com.google.firebase:firebase-messaging:23.1.0] AndroidManifest.xml:56:17-119
108                android:value="com.google.firebase.components.ComponentRegistrar" />
108-->[com.google.firebase:firebase-messaging:23.1.0] AndroidManifest.xml:57:17-82
109            <meta-data
109-->[com.google.firebase:firebase-auth:21.1.0] AndroidManifest.xml:67:13-69:85
110                android:name="com.google.firebase.components:com.google.firebase.auth.FirebaseAuthRegistrar"
110-->[com.google.firebase:firebase-auth:21.1.0] AndroidManifest.xml:68:17-109
111                android:value="com.google.firebase.components.ComponentRegistrar" />
111-->[com.google.firebase:firebase-auth:21.1.0] AndroidManifest.xml:69:17-82
112            <meta-data
112-->[com.google.firebase:firebase-iid:21.1.0] AndroidManifest.xml:32:13-34:85
113                android:name="com.google.firebase.components:com.google.firebase.iid.Registrar"
113-->[com.google.firebase:firebase-iid:21.1.0] AndroidManifest.xml:33:17-96
114                android:value="com.google.firebase.components.ComponentRegistrar" />
114-->[com.google.firebase:firebase-iid:21.1.0] AndroidManifest.xml:34:17-82
115            <meta-data
115-->[com.google.firebase:firebase-firestore:24.4.0] AndroidManifest.xml:19:13-21:85
116                android:name="com.google.firebase.components:com.google.firebase.firestore.FirestoreRegistrar"
116-->[com.google.firebase:firebase-firestore:24.4.0] AndroidManifest.xml:20:17-111
117                android:value="com.google.firebase.components.ComponentRegistrar" />
117-->[com.google.firebase:firebase-firestore:24.4.0] AndroidManifest.xml:21:17-82
118            <meta-data
118-->[com.google.firebase:firebase-installations:17.1.0] AndroidManifest.xml:17:13-19:85
119                android:name="com.google.firebase.components:com.google.firebase.installations.FirebaseInstallationsRegistrar"
119-->[com.google.firebase:firebase-installations:17.1.0] AndroidManifest.xml:18:17-127
120                android:value="com.google.firebase.components.ComponentRegistrar" />
120-->[com.google.firebase:firebase-installations:17.1.0] AndroidManifest.xml:19:17-82
121            <meta-data
121-->[com.google.firebase:firebase-datatransport:18.1.7] AndroidManifest.xml:27:13-29:85
122                android:name="com.google.firebase.components:com.google.firebase.datatransport.TransportRegistrar"
122-->[com.google.firebase:firebase-datatransport:18.1.7] AndroidManifest.xml:28:17-115
123                android:value="com.google.firebase.components.ComponentRegistrar" />
123-->[com.google.firebase:firebase-datatransport:18.1.7] AndroidManifest.xml:29:17-82
124        </service>
125        <service
125-->[:firebase_messaging] AndroidManifest.xml:14:9-17:72
126            android:name="io.flutter.plugins.firebase.messaging.FlutterFirebaseMessagingBackgroundService"
126-->[:firebase_messaging] AndroidManifest.xml:15:13-107
127            android:exported="false"
127-->[:firebase_messaging] AndroidManifest.xml:16:13-37
128            android:permission="android.permission.BIND_JOB_SERVICE" />
128-->[:firebase_messaging] AndroidManifest.xml:17:13-69
129        <service
129-->[:firebase_messaging] AndroidManifest.xml:18:9-24:19
130            android:name="io.flutter.plugins.firebase.messaging.FlutterFirebaseMessagingService"
130-->[:firebase_messaging] AndroidManifest.xml:19:13-97
131            android:exported="false" >
131-->[:firebase_messaging] AndroidManifest.xml:20:13-37
132            <intent-filter>
132-->[:firebase_messaging] AndroidManifest.xml:21:13-23:29
133                <action android:name="com.google.firebase.MESSAGING_EVENT" />
133-->[:firebase_messaging] AndroidManifest.xml:22:17-78
133-->[:firebase_messaging] AndroidManifest.xml:22:25-75
134            </intent-filter>
135        </service>
136
137        <receiver
137-->[:firebase_messaging] AndroidManifest.xml:26:9-33:20
138            android:name="io.flutter.plugins.firebase.messaging.FlutterFirebaseMessagingReceiver"
138-->[:firebase_messaging] AndroidManifest.xml:27:13-98
139            android:exported="true"
139-->[:firebase_messaging] AndroidManifest.xml:28:13-36
140            android:permission="com.google.android.c2dm.permission.SEND" >
140-->[:firebase_messaging] AndroidManifest.xml:29:13-73
141            <intent-filter>
141-->[:firebase_messaging] AndroidManifest.xml:30:13-32:29
142                <action android:name="com.google.android.c2dm.intent.RECEIVE" />
142-->[:firebase_messaging] AndroidManifest.xml:31:17-81
142-->[:firebase_messaging] AndroidManifest.xml:31:25-78
143            </intent-filter>
144        </receiver>
145
146        <provider
146-->[:firebase_messaging] AndroidManifest.xml:41:9-45:38
147            android:name="io.flutter.plugins.firebase.messaging.FlutterFirebaseMessagingInitProvider"
147-->[:firebase_messaging] AndroidManifest.xml:42:13-102
148            android:authorities="com.smartersvision.food_delivery_app_2.flutterfirebasemessaginginitprovider"
148-->[:firebase_messaging] AndroidManifest.xml:43:13-88
149            android:exported="false"
149-->[:firebase_messaging] AndroidManifest.xml:44:13-37
150            android:initOrder="99" />
150-->[:firebase_messaging] AndroidManifest.xml:45:13-35
151
152        <service
152-->[:geolocator_android] AndroidManifest.xml:10:9-14:56
153            android:name="com.baseflow.geolocator.GeolocatorLocationService"
153-->[:geolocator_android] AndroidManifest.xml:11:13-77
154            android:enabled="true"
154-->[:geolocator_android] AndroidManifest.xml:12:13-35
155            android:exported="false"
155-->[:geolocator_android] AndroidManifest.xml:13:13-37
156            android:foregroundServiceType="location" />
156-->[:geolocator_android] AndroidManifest.xml:14:13-53
157
158        <activity
158-->[:url_launcher_android] AndroidManifest.xml:8:9-11:74
159            android:name="io.flutter.plugins.urllauncher.WebViewActivity"
159-->[:url_launcher_android] AndroidManifest.xml:9:13-74
160            android:exported="false"
160-->[:url_launcher_android] AndroidManifest.xml:10:13-37
161            android:theme="@android:style/Theme.NoTitleBar.Fullscreen" />
161-->[:url_launcher_android] AndroidManifest.xml:11:13-71
162
163        <service
163-->[:location] AndroidManifest.xml:11:9-15:56
164            android:name="com.lyokone.location.FlutterLocationService"
164-->[:location] AndroidManifest.xml:12:13-71
165            android:enabled="true"
165-->[:location] AndroidManifest.xml:13:13-35
166            android:exported="false"
166-->[:location] AndroidManifest.xml:14:13-37
167            android:foregroundServiceType="location" />
167-->[:location] AndroidManifest.xml:15:13-53
168
169        <uses-library
169-->[androidx.window:window:1.0.0-beta04] AndroidManifest.xml:25:9-27:40
170            android:name="androidx.window.extensions"
170-->[androidx.window:window:1.0.0-beta04] AndroidManifest.xml:26:13-54
171            android:required="false" />
171-->[androidx.window:window:1.0.0-beta04] AndroidManifest.xml:27:13-37
172        <uses-library
172-->[androidx.window:window:1.0.0-beta04] AndroidManifest.xml:28:9-30:40
173            android:name="androidx.window.sidecar"
173-->[androidx.window:window:1.0.0-beta04] AndroidManifest.xml:29:13-51
174            android:required="false" />
174-->[androidx.window:window:1.0.0-beta04] AndroidManifest.xml:30:13-37
175
176        <receiver
176-->[com.google.firebase:firebase-messaging:23.1.0] AndroidManifest.xml:31:9-38:20
177            android:name="com.google.firebase.iid.FirebaseInstanceIdReceiver"
177-->[com.google.firebase:firebase-messaging:23.1.0] AndroidManifest.xml:32:13-78
178            android:exported="true"
178-->[com.google.firebase:firebase-messaging:23.1.0] AndroidManifest.xml:33:13-36
179            android:permission="com.google.android.c2dm.permission.SEND" >
179-->[com.google.firebase:firebase-messaging:23.1.0] AndroidManifest.xml:34:13-73
180            <intent-filter>
180-->[:firebase_messaging] AndroidManifest.xml:30:13-32:29
181                <action android:name="com.google.android.c2dm.intent.RECEIVE" />
181-->[:firebase_messaging] AndroidManifest.xml:31:17-81
181-->[:firebase_messaging] AndroidManifest.xml:31:25-78
182            </intent-filter>
183        </receiver>
184        <!--
185             FirebaseMessagingService performs security checks at runtime,
186             but set to not exported to explicitly avoid allowing another app to call it.
187        -->
188        <service
188-->[com.google.firebase:firebase-messaging:23.1.0] AndroidManifest.xml:44:9-51:19
189            android:name="com.google.firebase.messaging.FirebaseMessagingService"
189-->[com.google.firebase:firebase-messaging:23.1.0] AndroidManifest.xml:45:13-82
190            android:directBootAware="true"
190-->[com.google.firebase:firebase-messaging:23.1.0] AndroidManifest.xml:46:13-43
191            android:exported="false" >
191-->[com.google.firebase:firebase-messaging:23.1.0] AndroidManifest.xml:47:13-37
192            <intent-filter android:priority="-500" >
192-->[:firebase_messaging] AndroidManifest.xml:21:13-23:29
193                <action android:name="com.google.firebase.MESSAGING_EVENT" />
193-->[:firebase_messaging] AndroidManifest.xml:22:17-78
193-->[:firebase_messaging] AndroidManifest.xml:22:25-75
194            </intent-filter>
195        </service>
196
197        <activity
197-->[com.google.firebase:firebase-auth:21.1.0] AndroidManifest.xml:27:9-44:20
198            android:name="com.google.firebase.auth.internal.GenericIdpActivity"
198-->[com.google.firebase:firebase-auth:21.1.0] AndroidManifest.xml:28:13-80
199            android:excludeFromRecents="true"
199-->[com.google.firebase:firebase-auth:21.1.0] AndroidManifest.xml:29:13-46
200            android:exported="true"
200-->[com.google.firebase:firebase-auth:21.1.0] AndroidManifest.xml:30:13-36
201            android:launchMode="singleTask"
201-->[com.google.firebase:firebase-auth:21.1.0] AndroidManifest.xml:31:13-44
202            android:theme="@android:style/Theme.Translucent.NoTitleBar" >
202-->[com.google.firebase:firebase-auth:21.1.0] AndroidManifest.xml:32:13-72
203            <intent-filter>
203-->[com.google.firebase:firebase-auth:21.1.0] AndroidManifest.xml:33:13-43:29
204                <action android:name="android.intent.action.VIEW" />
204-->[com.google.firebase:firebase-auth:21.1.0] AndroidManifest.xml:34:17-69
204-->[com.google.firebase:firebase-auth:21.1.0] AndroidManifest.xml:34:25-66
205
206                <category android:name="android.intent.category.DEFAULT" />
206-->[com.google.firebase:firebase-auth:21.1.0] AndroidManifest.xml:36:17-76
206-->[com.google.firebase:firebase-auth:21.1.0] AndroidManifest.xml:36:27-73
207                <category android:name="android.intent.category.BROWSABLE" />
207-->[com.google.firebase:firebase-auth:21.1.0] AndroidManifest.xml:37:17-78
207-->[com.google.firebase:firebase-auth:21.1.0] AndroidManifest.xml:37:27-75
208
209                <data
209-->[com.google.firebase:firebase-auth:21.1.0] AndroidManifest.xml:39:17-42:51
210                    android:host="firebase.auth"
210-->[com.google.firebase:firebase-auth:21.1.0] AndroidManifest.xml:40:21-49
211                    android:path="/"
211-->[com.google.firebase:firebase-auth:21.1.0] AndroidManifest.xml:41:21-37
212                    android:scheme="genericidp" />
212-->[com.google.firebase:firebase-auth:21.1.0] AndroidManifest.xml:42:21-48
213            </intent-filter>
214        </activity>
215        <activity
215-->[com.google.firebase:firebase-auth:21.1.0] AndroidManifest.xml:45:9-62:20
216            android:name="com.google.firebase.auth.internal.RecaptchaActivity"
216-->[com.google.firebase:firebase-auth:21.1.0] AndroidManifest.xml:46:13-79
217            android:excludeFromRecents="true"
217-->[com.google.firebase:firebase-auth:21.1.0] AndroidManifest.xml:47:13-46
218            android:exported="true"
218-->[com.google.firebase:firebase-auth:21.1.0] AndroidManifest.xml:48:13-36
219            android:launchMode="singleTask"
219-->[com.google.firebase:firebase-auth:21.1.0] AndroidManifest.xml:49:13-44
220            android:theme="@android:style/Theme.Translucent.NoTitleBar" >
220-->[com.google.firebase:firebase-auth:21.1.0] AndroidManifest.xml:50:13-72
221            <intent-filter>
221-->[com.google.firebase:firebase-auth:21.1.0] AndroidManifest.xml:51:13-61:29
222                <action android:name="android.intent.action.VIEW" />
222-->[com.google.firebase:firebase-auth:21.1.0] AndroidManifest.xml:34:17-69
222-->[com.google.firebase:firebase-auth:21.1.0] AndroidManifest.xml:34:25-66
223
224                <category android:name="android.intent.category.DEFAULT" />
224-->[com.google.firebase:firebase-auth:21.1.0] AndroidManifest.xml:36:17-76
224-->[com.google.firebase:firebase-auth:21.1.0] AndroidManifest.xml:36:27-73
225                <category android:name="android.intent.category.BROWSABLE" />
225-->[com.google.firebase:firebase-auth:21.1.0] AndroidManifest.xml:37:17-78
225-->[com.google.firebase:firebase-auth:21.1.0] AndroidManifest.xml:37:27-75
226
227                <data
227-->[com.google.firebase:firebase-auth:21.1.0] AndroidManifest.xml:39:17-42:51
228                    android:host="firebase.auth"
228-->[com.google.firebase:firebase-auth:21.1.0] AndroidManifest.xml:40:21-49
229                    android:path="/"
229-->[com.google.firebase:firebase-auth:21.1.0] AndroidManifest.xml:41:21-37
230                    android:scheme="recaptcha" />
230-->[com.google.firebase:firebase-auth:21.1.0] AndroidManifest.xml:42:21-48
231            </intent-filter>
232        </activity> <!-- Needs to be explicitly declared on P+ -->
233        <uses-library
233-->[com.google.android.gms:play-services-maps:18.1.0] AndroidManifest.xml:39:9-41:40
234            android:name="org.apache.http.legacy"
234-->[com.google.android.gms:play-services-maps:18.1.0] AndroidManifest.xml:40:13-50
235            android:required="false" />
235-->[com.google.android.gms:play-services-maps:18.1.0] AndroidManifest.xml:41:13-37
236
237        <activity
237-->[com.google.android.gms:play-services-base:18.0.1] AndroidManifest.xml:20:9-22:45
238            android:name="com.google.android.gms.common.api.GoogleApiActivity"
238-->[com.google.android.gms:play-services-base:18.0.1] AndroidManifest.xml:20:19-85
239            android:exported="false"
239-->[com.google.android.gms:play-services-base:18.0.1] AndroidManifest.xml:22:19-43
240            android:theme="@android:style/Theme.Translucent.NoTitleBar" />
240-->[com.google.android.gms:play-services-base:18.0.1] AndroidManifest.xml:21:19-78
241
242        <provider
242-->[com.google.firebase:firebase-common:20.2.0] AndroidManifest.xml:25:9-30:39
243            android:name="com.google.firebase.provider.FirebaseInitProvider"
243-->[com.google.firebase:firebase-common:20.2.0] AndroidManifest.xml:26:13-77
244            android:authorities="com.smartersvision.food_delivery_app_2.firebaseinitprovider"
244-->[com.google.firebase:firebase-common:20.2.0] AndroidManifest.xml:27:13-72
245            android:directBootAware="true"
245-->[com.google.firebase:firebase-common:20.2.0] AndroidManifest.xml:28:13-43
246            android:exported="false"
246-->[com.google.firebase:firebase-common:20.2.0] AndroidManifest.xml:29:13-37
247            android:initOrder="100" />
247-->[com.google.firebase:firebase-common:20.2.0] AndroidManifest.xml:30:13-36
248
249        <meta-data
249-->[com.google.android.gms:play-services-basement:18.1.0] AndroidManifest.xml:21:9-23:69
250            android:name="com.google.android.gms.version"
250-->[com.google.android.gms:play-services-basement:18.1.0] AndroidManifest.xml:22:13-58
251            android:value="@integer/google_play_services_version" />
251-->[com.google.android.gms:play-services-basement:18.1.0] AndroidManifest.xml:23:13-66
252
253        <service
253-->[com.google.android.datatransport:transport-backend-cct:3.1.8] AndroidManifest.xml:28:9-34:19
254            android:name="com.google.android.datatransport.runtime.backends.TransportBackendDiscovery"
254-->[com.google.android.datatransport:transport-backend-cct:3.1.8] AndroidManifest.xml:29:13-103
255            android:exported="false" >
255-->[com.google.android.datatransport:transport-backend-cct:3.1.8] AndroidManifest.xml:30:13-37
256            <meta-data
256-->[com.google.android.datatransport:transport-backend-cct:3.1.8] AndroidManifest.xml:31:13-33:39
257                android:name="backend:com.google.android.datatransport.cct.CctBackendFactory"
257-->[com.google.android.datatransport:transport-backend-cct:3.1.8] AndroidManifest.xml:32:17-94
258                android:value="cct" />
258-->[com.google.android.datatransport:transport-backend-cct:3.1.8] AndroidManifest.xml:33:17-36
259        </service>
260        <service
260-->[com.google.android.datatransport:transport-runtime:3.1.8] AndroidManifest.xml:26:9-30:19
261            android:name="com.google.android.datatransport.runtime.scheduling.jobscheduling.JobInfoSchedulerService"
261-->[com.google.android.datatransport:transport-runtime:3.1.8] AndroidManifest.xml:27:13-117
262            android:exported="false"
262-->[com.google.android.datatransport:transport-runtime:3.1.8] AndroidManifest.xml:28:13-37
263            android:permission="android.permission.BIND_JOB_SERVICE" >
263-->[com.google.android.datatransport:transport-runtime:3.1.8] AndroidManifest.xml:29:13-69
264        </service>
265
266        <receiver
266-->[com.google.android.datatransport:transport-runtime:3.1.8] AndroidManifest.xml:32:9-34:40
267            android:name="com.google.android.datatransport.runtime.scheduling.jobscheduling.AlarmManagerSchedulerBroadcastReceiver"
267-->[com.google.android.datatransport:transport-runtime:3.1.8] AndroidManifest.xml:33:13-132
268            android:exported="false" />
268-->[com.google.android.datatransport:transport-runtime:3.1.8] AndroidManifest.xml:34:13-37
269    </application>
270
271</manifest>